<?xml version="1.0" encoding="UTF-8"?>
<!-- Generated by org.testng.reporters.JUnitReportReporter -->
<testsuite skipped="0" hostname="DESKTOP-ESA7JB4" name="com.DemoGuru.testcases.TC_projectDropdownCheck" tests="1" failures="0" timestamp="11 Apr 2019 12:09:58 GMT" time="1.783" errors="0">
  <testcase name="dropdownProjects" time="1.783" classname="com.DemoGuru.testcases.TC_projectDropdownCheck"/>
</testsuite> <!-- com.DemoGuru.testcases.TC_projectDropdownCheck -->
