<?xml version="1.0" encoding="UTF-8"?>
<!-- Generated by org.testng.reporters.JUnitReportReporter -->
<testsuite skipped="0" hostname="DESKTOP-ESA7JB4" name="com.DemoGuru.testcases.TC_ProjectDropdownTopics" tests="1" failures="0" timestamp="12 Apr 2019 12:31:51 GMT" time="1.914" errors="0">
  <testcase name="dropdownProjects" time="1.914" classname="com.DemoGuru.testcases.TC_ProjectDropdownTopics"/>
</testsuite> <!-- com.DemoGuru.testcases.TC_ProjectDropdownTopics -->
