<?xml version="1.0" encoding="UTF-8"?>
<!-- Generated by org.testng.reporters.JUnitReportReporter -->
<testsuite skipped="0" hostname="DESKTOP-ESA7JB4" name="com.DemoGuru.testcases.TC_ProjectList" tests="1" failures="0" timestamp="11 Apr 2019 10:45:56 GMT" time="1.871" errors="0">
  <testcase name="getProjectList" time="1.871" classname="com.DemoGuru.testcases.TC_ProjectList"/>
</testsuite> <!-- com.DemoGuru.testcases.TC_ProjectList -->
