<?xml version="1.0" encoding="UTF-8"?>
<!-- Generated by org.testng.reporters.JUnitReportReporter -->
<testsuite skipped="0" hostname="DESKTOP-ESA7JB4" name="com.DemoGuru.testcases.TC_Login" tests="1" failures="0" timestamp="12 Apr 2019 11:11:05 GMT" time="2.441" errors="0">
  <testcase name="Login" time="2.441" classname="com.DemoGuru.testcases.TC_Login"/>
</testsuite> <!-- com.DemoGuru.testcases.TC_Login -->
