<?xml version="1.0" encoding="UTF-8"?>
<!-- Generated by org.testng.reporters.JUnitReportReporter -->
<testsuite skipped="0" hostname="DESKTOP-ESA7JB4" name="com.DemoGuru.testcases.TC_AddNewCustomer" tests="1" failures="0" timestamp="11 Apr 2019 05:12:38 GMT" time="3.805" errors="0">
  <testcase name="addNewCustomer" time="3.805" classname="com.DemoGuru.testcases.TC_AddNewCustomer"/>
</testsuite> <!-- com.DemoGuru.testcases.TC_AddNewCustomer -->
