<?xml version="1.0" encoding="UTF-8"?>
<!-- Generated by org.testng.reporters.JUnitReportReporter -->
<testsuite skipped="0" hostname="DESKTOP-ESA7JB4" name="com.DemoGuru.testcases.TC_AddNewCustomer" tests="1" failures="0" timestamp="09 Apr 2019 12:26:57 GMT" time="4.317" errors="0">
  <testcase name="addNewCustomer" time="4.317" classname="com.DemoGuru.testcases.TC_AddNewCustomer"/>
</testsuite> <!-- com.DemoGuru.testcases.TC_AddNewCustomer -->
