<?xml version="1.0" encoding="UTF-8"?>
<!-- Generated by org.testng.reporters.JUnitReportReporter -->
<testsuite skipped="0" hostname="DESKTOP-ESA7JB4" name="com.DemoGuru.testcases.TC_guru_login" tests="1" failures="0" timestamp="11 Apr 2019 06:51:47 GMT" time="1.868" errors="0">
  <testcase name="demoLogin" time="1.868" classname="com.DemoGuru.testcases.TC_guru_login"/>
</testsuite> <!-- com.DemoGuru.testcases.TC_guru_login -->
