<?xml version="1.0" encoding="UTF-8"?>
<!-- Generated by org.testng.reporters.JUnitReportReporter -->
<testsuite skipped="0" hostname="DESKTOP-ESA7JB4" name="com.DemoGuru.testcases.TC_ProjectList" tests="1" failures="0" timestamp="12 Apr 2019 05:14:37 GMT" time="10.246" errors="0">
  <testcase name="projectList" time="10.246" classname="com.DemoGuru.testcases.TC_ProjectList"/>
</testsuite> <!-- com.DemoGuru.testcases.TC_ProjectList -->
