<?xml version="1.0" encoding="UTF-8"?>
<!-- Generated by org.testng.reporters.JUnitReportReporter -->
<testsuite skipped="0" hostname="DESKTOP-ESA7JB4" name="com.DemoGuru.testcases.TC_ProjectDropdownTopics" tests="1" failures="0" timestamp="16 Apr 2019 11:29:14 GMT" time="1.902" errors="0">
  <testcase name="dropdownProjects" time="1.902" classname="com.DemoGuru.testcases.TC_ProjectDropdownTopics"/>
</testsuite> <!-- com.DemoGuru.testcases.TC_ProjectDropdownTopics -->
