<?xml version="1.0" encoding="UTF-8"?>
<!-- Generated by org.testng.reporters.JUnitReportReporter -->
<testsuite skipped="0" hostname="DESKTOP-ESA7JB4" name="com.DemoGuru.testcases.TC_MenulistItems" tests="1" failures="0" timestamp="12 Apr 2019 05:14:37 GMT" time="1.907" errors="0">
  <testcase name="getmenulist" time="1.907" classname="com.DemoGuru.testcases.TC_MenulistItems"/>
</testsuite> <!-- com.DemoGuru.testcases.TC_MenulistItems -->
